0 info it worked if it ends with ok
1 verbose cli [ '/Users/torturedgenius/anaconda/envs/ui-coding-challenge/bin/node',
1 verbose cli   '/Users/torturedgenius/anaconda/envs/ui-coding-challenge/bin/npm',
1 verbose cli   'run',
1 verbose cli   'webpack' ]
2 info using npm@2.14.12
3 info using node@v4.2.6
4 verbose stack Error: ENOENT: no such file or directory, open '/Users/torturedgenius/code/codetest/ui-coding-challenge/package.json'
4 verbose stack     at Error (native)
5 verbose cwd /Users/torturedgenius/code/codetest/ui-coding-challenge
6 error Darwin 16.4.0
7 error argv "/Users/torturedgenius/anaconda/envs/ui-coding-challenge/bin/node" "/Users/torturedgenius/anaconda/envs/ui-coding-challenge/bin/npm" "run" "webpack"
8 error node v4.2.6
9 error npm  v2.14.12
10 error path /Users/torturedgenius/code/codetest/ui-coding-challenge/package.json
11 error code ENOENT
12 error errno -2
13 error syscall open
14 error enoent ENOENT: no such file or directory, open '/Users/torturedgenius/code/codetest/ui-coding-challenge/package.json'
14 error enoent This is most likely not a problem with npm itself
14 error enoent and is related to npm not being able to find a file.
15 verbose exit [ -2, true ]
